#
# A fatal error has been detected by the Java Runtime Environment:
#
#  EXCEPTION_IN_PAGE_ERROR (0xc0000006) at pc=0x00007fff98871989, pid=3876, tid=17396
#
# JRE version:  (17.0.5+7) (build )
# Java VM: OpenJDK 64-Bit Server VM (17.0.5+7-b469.71, mixed mode, sharing, tiered, compressed oops, compressed class ptrs, g1 gc, windows-amd64)
# Problematic frame:
# C  [VCRUNTIME140.dll+0x1989]
#
# No core dump will be written. Minidumps are not enabled by default on client versions of Windows
#
#

---------------  S U M M A R Y ------------

Command Line: -Dawt.toolkit=com.intellij.desktop.DesktopActionsToolkit -Djava.rmi.server.hostname=127.0.0.1 -Duser.timezone=UTC -Xmx1024m -Xms128m --add-exports=java.desktop/sun.awt=ALL-UNNAMED --add-exports=java.desktop/java.awt.peer=ALL-UNNAMED --add-opens=java.desktop/java.awt=ALL-UNNAMED --add-opens=jdk.unsupported/sun.misc=ALL-UNNAMED --add-opens=java.base/java.nio=ALL-UNNAMED --add-opens=java.base/java.util=ALL-UNNAMED -Dfile.encoding=UTF-8 com.intellij.database.remote.RemoteJdbcServer org.postgresql.Driver

Host: 11th Gen Intel(R) Core(TM) i7-1165G7 @ 2.80GHz, 8 cores, 7G,  Windows 10 , 64 bit Build 19041 (10.0.19041.1889)
Time: Sun Dec 11 15:03:09 2022 Maroc (heure d64 bit Build 19041 (10.0.19041.1889) elapsed time: 0.131477 seconds (0d 0h 0m 0s)

---------------  T H R E A D  ---------------

Current thread is native thread

Stack: [0x000000e082500000,0x000000e082600000],  sp=0x000000e0825ff3f0,  free space=1020k
Native frames: (J=compiled Java code, j=interpreted, Vv=VM code, C=native code)
C  [VCRUNTIME140.dll+0x1989]
V  [jvm.dll+0x6a4b53]
V  [jvm.dll+0x6a3897]
V  [jvm.dll+0x6a344e]
V  [jvm.dll+0x36e087]
V  [jvm.dll+0x7f0013]
V  [jvm.dll+0x3f0cbf]
V  [jvm.dll+0x3f2801]
C  [jli.dll+0x526b]
C  [ucrtbase.dll+0x21bb2]
C  [KERNEL32.DLL+0x17034]
C  [ntdll.dll+0x526a1]


siginfo: EXCEPTION_IN_PAGE_ERROR (0xc0000006), writing address 0x000001fdc95d0000


Registers:
RAX=0x0000000000000000, RBX=0x000001fdc95d0000, RCX=0x0000000000010000, RDX=0x0000000000000000
RSP=0x000000e0825ff3f0, RBP=0x000001fdcb5e60d0, RSI=0x000001fdc93a3320, RDI=0x000001fdc95d0000
R8 =0x0000000000010000, R9 =0x0000000000000000, R10=0x0000000000000000, R11=0x000001fdc95d0000
R12=0x0000000000000001, R13=0x00007fff41b426c0, R14=0x000001fdc9373f90, R15=0x0000000000010000
RIP=0x00007fff98871989, EFLAGS=0x0000000000010202

Top of Stack: (sp=0x000000e0825ff3f0)
0x000000e0825ff3f0:   0000000000000000 00007fff41814b53
0x000000e0825ff400:   000001fdcb5e60d0 000001fdc93a3320
0x000000e0825ff410:   000001fdc93a3320 0000000000000150
0x000000e0825ff420:   0000000000010000 000000e0825ff440
0x000000e0825ff430:   000000e0825ff6b0 000001fd00000104
0x000000e0825ff440:   0000010100000103 000001fdcb5e60d4
0x000000e0825ff450:   0000000000000000 0000000000000020
0x000000e0825ff460:   0000000000000014 0000000000000004
0x000000e0825ff470:   000001fdc9360000 000000e0825ff539
0x000000e0825ff480:   0000000000000002 00007fffb0edb3c7
0x000000e0825ff490:   000001fd005c3a43 00007fff00000000
0x000000e0825ff4a0:   0000000000000014 00007fff00000000
0x000000e0825ff4b0:   00000002000044dd 00007fffb101a540
0x000000e0825ff4c0:   0000000200000000 000001fdc9360150
0x000000e0825ff4d0:   c6485e1c00000000 0000000000000000
0x000000e0825ff4e0:   00000000001f0007 0000000000000000 

Instructions: (pc=0x00007fff98871989)
0x00007fff98871889:   49 03 c8 0f 10 44 11 f0 48 83 e9 10 49 83 e8 10
0x00007fff98871899:   f6 c1 0f 74 17 48 8b c1 48 83 e1 f0 0f 10 c8 0f
0x00007fff988718a9:   10 04 11 0f 11 08 4c 8b c1 4d 2b c3 4d 8b c8 49
0x00007fff988718b9:   c1 e9 07 74 6f 0f 29 01 eb 14 66 66 66 66 66 0f
0x00007fff988718c9:   1f 84 00 00 00 00 00 0f 29 41 10 0f 29 09 0f 10
0x00007fff988718d9:   44 11 f0 0f 10 4c 11 e0 48 81 e9 80 00 00 00 0f
0x00007fff988718e9:   29 41 70 0f 29 49 60 0f 10 44 11 50 0f 10 4c 11
0x00007fff988718f9:   40 49 ff c9 0f 29 41 50 0f 29 49 40 0f 10 44 11
0x00007fff98871909:   30 0f 10 4c 11 20 0f 29 41 30 0f 29 49 20 0f 10
0x00007fff98871919:   44 11 10 0f 10 0c 11 75 ae 0f 29 41 10 49 83 e0
0x00007fff98871929:   7f 0f 28 c1 4d 8b c8 49 c1 e9 04 74 1a 66 66 0f
0x00007fff98871939:   1f 84 00 00 00 00 00 0f 11 01 48 83 e9 10 0f 10
0x00007fff98871949:   04 11 49 ff c9 75 f0 49 83 e0 0f 74 08 41 0f 10
0x00007fff98871959:   0a 41 0f 11 0b 0f 11 01 49 8b c3 c3 cc cc cc cc
0x00007fff98871969:   cc cc cc cc cc cc cc cc cc cc cc cc cc 66 66 0f
0x00007fff98871979:   1f 84 00 00 00 00 00 57 8b c2 48 8b f9 49 8b c8
0x00007fff98871989:   f3 aa 49 8b c3 5f c3 cc cc cc cc cc cc 66 66 0f
0x00007fff98871999:   1f 84 00 00 00 00 00 4c 8b d9 0f b6 d2 49 b9 01
0x00007fff988719a9:   01 01 01 01 01 01 01 4c 0f af ca 49 83 f8 10 0f
0x00007fff988719b9:   86 f2 00 00 00 66 49 0f 6e c1 66 0f 60 c0 49 81
0x00007fff988719c9:   f8 80 00 00 00 77 10 e9 6b 00 00 00 66 66 66 0f
0x00007fff988719d9:   1f 84 00 00 00 00 00 f6 05 d5 49 01 00 02 75 97
0x00007fff988719e9:   0f 11 01 4c 03 c1 48 83 c1 10 48 83 e1 f0 4c 2b
0x00007fff988719f9:   c1 4d 8b c8 49 c1 e9 07 74 3d 4c 3b 0d 1e 46 01
0x00007fff98871a09:   00 0f 87 60 00 00 00 0f 29 01 0f 29 41 10 48 81
0x00007fff98871a19:   c1 80 00 00 00 0f 29 41 a0 0f 29 41 b0 49 ff c9
0x00007fff98871a29:   0f 29 41 c0 0f 29 41 d0 0f 29 41 e0 66 0f 29 41
0x00007fff98871a39:   f0 75 d4 49 83 e0 7f 4d 8b c8 49 c1 e9 04 74 13
0x00007fff98871a49:   0f 1f 80 00 00 00 00 0f 11 01 48 83 c1 10 49 ff
0x00007fff98871a59:   c9 75 f4 49 83 e0 0f 74 06 42 0f 11 44 01 f0 49
0x00007fff98871a69:   8b c3 c3 0f 1f 40 00 0f 2b 01 0f 2b 41 10 48 81
0x00007fff98871a79:   c1 80 00 00 00 0f 2b 41 a0 0f 2b 41 b0 49 ff c9 



---------------  P R O C E S S  ---------------

VM state: not at safepoint (not fully initialized)

VM Mutex/Monitor currently owned by a thread: None

Heap address: 0x0000000000000000, size: 0 MB, Compressed Oops mode: 32-bit

CDS archive(s) mapped at: [0x0000000000000000-0x0000000000000000-0x0000000000000000), size 0, SharedBaseAddress: 0x0000000800000000, ArchiveRelocationMode: 0.
Narrow klass base: 0x0000000000000000, Narrow klass shift: 0, Narrow klass range: 0x0

GC Precious Log:
<Not initialized>

Dll operation events (0 events):
No events

Deoptimization events (0 events):
No events

Classes unloaded (0 events):
No events

Classes redefined (0 events):
No events

Internal exceptions (0 events):
No events

VM Operations (0 events):
No events

Events (0 events):
No events


Dynamic libraries:
0x00007ff7caec0000 - 0x00007ff7caeca000 	D:\intelliJ\IntelliJ IDEA 2022.2.4\jbr\bin\java.exe
0x00007fffb0eb0000 - 0x00007fffb10a8000 	C:\windows\SYSTEM32\ntdll.dll
0x00007fffb08e0000 - 0x00007fffb099d000 	C:\windows\System32\KERNEL32.DLL
0x00007fffae640000 - 0x00007fffae90e000 	C:\windows\System32\KERNELBASE.dll
0x00007fff98870000 - 0x00007fff9888b000 	D:\intelliJ\IntelliJ IDEA 2022.2.4\jbr\bin\VCRUNTIME140.dll
0x00007fffaeb20000 - 0x00007fffaec20000 	C:\windows\System32\ucrtbase.dll
0x00007fffa54f0000 - 0x00007fffa5507000 	D:\intelliJ\IntelliJ IDEA 2022.2.4\jbr\bin\jli.dll
0x00007fffb09a0000 - 0x00007fffb0b40000 	C:\windows\System32\USER32.dll
0x00007fffaee10000 - 0x00007fffaee32000 	C:\windows\System32\win32u.dll
0x00007fff90d60000 - 0x00007fff90ffa000 	C:\windows\WinSxS\amd64_microsoft.windows.common-controls_6595b64144ccf1df_6.0.19041.1110_none_60b5254171f9507e\COMCTL32.dll
0x00007fffafb40000 - 0x00007fffafb6a000 	C:\windows\System32\GDI32.dll
0x00007fffafaa0000 - 0x00007fffafb3e000 	C:\windows\System32\msvcrt.dll
0x00007fffae910000 - 0x00007fffaea1b000 	C:\windows\System32\gdi32full.dll
0x00007fffaee40000 - 0x00007fffaeedd000 	C:\windows\System32\msvcp_win.dll
0x00007fffb08b0000 - 0x00007fffb08e0000 	C:\windows\System32\IMM32.DLL
0x00007fffa7670000 - 0x00007fffa767c000 	D:\intelliJ\IntelliJ IDEA 2022.2.4\jbr\bin\vcruntime140_1.dll
0x00007fff88550000 - 0x00007fff885dd000 	D:\intelliJ\IntelliJ IDEA 2022.2.4\jbr\bin\msvcp140.dll
0x00007fff41170000 - 0x00007fff41ddb000 	D:\intelliJ\IntelliJ IDEA 2022.2.4\jbr\bin\server\jvm.dll
0x00007fffb0110000 - 0x00007fffb01be000 	C:\windows\System32\ADVAPI32.dll
0x00007fffaefe0000 - 0x00007fffaf07c000 	C:\windows\System32\sechost.dll
0x00007fffb0c50000 - 0x00007fffb0d75000 	C:\windows\System32\RPCRT4.dll
0x00007fff92220000 - 0x00007fff92247000 	C:\windows\SYSTEM32\WINMM.dll
0x00007fffa5df0000 - 0x00007fffa5dfa000 	C:\windows\SYSTEM32\VERSION.dll
0x00007fff85c70000 - 0x00007fff85c79000 	C:\windows\SYSTEM32\WSOCK32.dll
0x00007fffb07e0000 - 0x00007fffb084b000 	C:\windows\System32\ws2_32.DLL
0x00007fffad0f0000 - 0x00007fffad102000 	C:\windows\SYSTEM32\kernel.appcore.dll
0x00007fffa6940000 - 0x00007fffa694a000 	D:\intelliJ\IntelliJ IDEA 2022.2.4\jbr\bin\jimage.dll
0x00007fffacb40000 - 0x00007fffacd24000 	C:\windows\SYSTEM32\DBGHELP.DLL
0x00007fff8c450000 - 0x00007fff8c47c000 	C:\windows\SYSTEM32\dbgcore.DLL
0x00007fffaed80000 - 0x00007fffaee02000 	C:\windows\System32\bcryptPrimitives.dll

dbghelp: loaded successfully - version: 4.0.5 - missing functions: none
symbol engine: initialized successfully - sym options: 0x614 - pdb path: .;D:\intelliJ\IntelliJ IDEA 2022.2.4\jbr\bin;C:\windows\SYSTEM32;C:\windows\WinSxS\amd64_microsoft.windows.common-controls_6595b64144ccf1df_6.0.19041.1110_none_60b5254171f9507e;D:\intelliJ\IntelliJ IDEA 2022.2.4\jbr\bin\server

VM Arguments:
jvm_args: -Dawt.toolkit=com.intellij.desktop.DesktopActionsToolkit -Djava.rmi.server.hostname=127.0.0.1 -Duser.timezone=UTC -Xmx1024m -Xms128m --add-exports=java.desktop/sun.awt=ALL-UNNAMED --add-exports=java.desktop/java.awt.peer=ALL-UNNAMED --add-opens=java.desktop/java.awt=ALL-UNNAMED --add-opens=jdk.unsupported/sun.misc=ALL-UNNAMED --add-opens=java.base/java.nio=ALL-UNNAMED --add-opens=java.base/java.util=ALL-UNNAMED -Dfile.encoding=UTF-8 
java_command: com.intellij.database.remote.RemoteJdbcServer org.postgresql.Driver
java_class_path (initial): D:\intelliJ\IntelliJ IDEA 2022.2.4\lib\util_rt.jar;D:\intelliJ\IntelliJ IDEA 2022.2.4\lib\util.jar;D:\intelliJ\IntelliJ IDEA 2022.2.4\lib\groovy.jar;D:\intelliJ\IntelliJ IDEA 2022.2.4\plugins\DatabaseTools\lib\jdbc-console.jar;C:\Users\Hp\AppData\Roaming\JetBrains\IntelliJIdea2022.2\jdbc-drivers\PostgreSQL\42.5.0\org\postgresql\postgresql\42.5.0\postgresql-42.5.0.jar;C:\Users\Hp\AppData\Roaming\JetBrains\IntelliJIdea2022.2\jdbc-drivers\PostgreSQL\42.5.0\org\checkerframework\checker-qual\3.5.0\checker-qual-3.5.0.jar;C:\Users\Hp\AppData\Roaming\JetBrains\IntelliJIdea2022.2\jdbc-drivers\PostgreSQL\42.5.0\net\java\dev\jna\jna-platform\4.5.1\jna-platform-4.5.1.jar;C:\Users\Hp\AppData\Roaming\JetBrains\IntelliJIdea2022.2\jdbc-drivers\PostgreSQL\42.5.0\net\java\dev\jna\jna\4.5.1\jna-4.5.1.jar;C:\Users\Hp\AppData\Roaming\JetBrains\IntelliJIdea2022.2\jdbc-drivers\PostgreSQL\42.5.0\com\github\waffle\waffle-jna\1.9.1\waffle-jna-1.9.1.jar;C:\Users\Hp\AppData\Roaming\JetBrains\IntelliJIdea2022.2\jdbc-drivers\PostgreSQL\42.5.0\org\slf4j\jcl-over-slf4j\1.7.25\jcl-over-slf4j-1.7.25.jar;C:\Users\Hp\AppData\Roaming\JetBrains\IntelliJIdea2022.2\jdbc-drivers\PostgreSQL\42.5.0\org\slf4j\slf4j-api\1.7.25\slf4j-api-1.7.25.jar;C:\Users\Hp\AppData\Roaming\JetBrains\IntelliJIdea2022.2\jdbc-drivers\PostgreSQL\42.5.0\com\github\ben-manes\caffeine\caffeine\2.6.2\caffeine-2.6.2.jar
Launcher Type: SUN_STANDARD

[Global flags]
     uint ConcGCThreads                            = 2                                         {product} {ergonomic}
     uint G1ConcRefinementThreads                  = 8                                         {product} {ergonomic}
    uintx GCDrainStackTargetSize                   = 64                                        {product} {ergonomic}
   size_t InitialHeapSize                          = 134217728                                 {product} {command line}
   size_t MarkStackSize                            = 4194304                                   {product} {ergonomic}
   size_t MaxHeapSize                              = 1073741824                                {product} {command line}
   size_t MinHeapSize                              = 134217728                                 {product} {command line}
    uintx ReservedCodeCacheSize                    = 251658240                              {pd product} {ergonomic}
     bool SegmentedCodeCache                       = true                                      {product} {ergonomic}
     bool UseCompressedClassPointers               = true                           {product lp64_product} {ergonomic}
     bool UseCompressedOops                        = true                           {product lp64_product} {ergonomic}
     bool UseG1GC                                  = true                                      {product} {ergonomic}
     bool UseLargePagesIndividualAllocation        = false                                  {pd product} {ergonomic}

Logging:
Log output configuration:
 #0: stdout all=warning uptime,level,tags
 #1: stderr all=off uptime,level,tags

Environment Variables:
JAVA_HOME=C:\Program Files\Java\jdk-17.0.2
PATH=C:\Program Files\Eclipse Foundation\jdk-8.0.302.8-hotspot\bin;C:\oraclexe\app\oracle\product\11.2.0\server\bin;C:\app\Hp\product\18.0.0\dbhomeXE\bin;C:\Program Files\Common Files\Oracle\Java\javapath;C:\windows\system32;C:\windows;C:\windows\System32\Wbem;C:\windows\System32\WindowsPowerShell\v1.0\;C:\windows\System32\OpenSSH\;C:\xampp\php;C:\Program Files\Java\jdk-17\bin;C:\Program Files\Git\cmd;C:\Program Files\Microsoft SQL Server\Client SDK\ODBC\170\Tools\Binn\;C:\Windows\Microsoft.NET\Framework\v4.0.30319;C:\Program Files (x86)\Microsoft Visual Studio\2019\Community\VC\Tools\MSVC\14.29.30133\bin\Hostx64\x64;C:\Program Files (x86)\Microsoft SQL Server\150\DTS\Binn\;D:\Mongodb\bin;C:\Program Files\nodejs\;C:\Program Files\MongoDB\Tools\100\bin;D:\stage pfa\bin;D:\ComposerSetup;D:\flutter\flutter\bin;D:\flutter\platform-tools;C:\Program Files\dotnet\;C:\Program Files (x86)\Microsoft SQL Server\110\DTS\Binn\;C:\Program Files (x86)\Microsoft SQL Server\120\DTS\Binn\;C:\Program Files (x86)\Microsoft SQL Server\130\DTS\Binn\;C:\Program Files (x86)\Microsoft SQL Server\140\DTS\Binn\;C:\Program Files (x86)\Microsoft SQL Server\160\DTS\Binn\;C:\Program Files\Docker\Docker\resources\bin;D:\ILISI.3\S5\gestion de projet- Salima chantit\apache-maven-3.8.6\bin;C:\Program Files\Microsoft SQL Server\130\Tools\Binn\;D:\composer;C:\Users\Hp\scoop\shims;C:\Users\Hp\AppData\Local\Programs\Python\Python39\Scripts\;C:\Users\Hp\AppData\Local\Programs\Python\Python39\;C:\Users\Hp\AppData\Local\Microsoft\WindowsApps;C:\Users\Hp\AppData\Roaming\Composer\vendor\bin;C:\Program Files\Java\jdk-17\bin;C:\MinGW\bin;C:\cygnus\cygwin-b20\H-i586-cygwin32\bin;C:\Users\Hp\Desktop\ilisi2\compilation\win_flex_bison-latest;C:\Users\Hp\.dotnet\tools;C:\Program Files\Azure Data Studio\bin;C:\Users\Hp\AppData\Roaming\npm;D:\Download\Microsoft JDBC Driver 6.0 for SQL Server\sqljdbc_6.0\enu\auth\x64;C:\Users\Hp\OneDrive\Bureau;C:\Program Files\MongoDB\Tools\100\bin;D:\IntelliJ IDEA Community Edition 2021
USERNAME=Hp
OS=Windows_NT
PROCESSOR_IDENTIFIER=Intel64 Family 6 Model 140 Stepping 1, GenuineIntel
TMP=C:\Users\Hp\AppData\Local\Temp
TEMP=C:\Users\Hp\AppData\Local\Temp



---------------  S Y S T E M  ---------------

OS:
 Windows 10 , 64 bit Build 19041 (10.0.19041.1889)
OS uptime: 0 days 1:32 hours

CPU: total 8 (initial active 8) 

Memory: 4k page, system-wide physical 7948M (290M free)
TotalPageFile size 17136M (AvailPageFile size 1228M)
current process WorkingSet (physical memory assigned to process): 8M, peak: 8M
current process commit charge ("private bytes"): 3M, peak: 3M

vm_info: OpenJDK 64-Bit Server VM (17.0.5+7-b469.71) for windows-amd64 JRE (17.0.5+7-b469.71), built on 2022-11-10 by "builduser" with MS VC++ 16.10 / 16.11 (VS2019)

END.
